  Application.cpp
C:\Users\emis\source\repos\QkEngine\QkEngine\src\Transform.h(52,51): warning C4114: same type qualifier used more than once
C:\Users\emis\source\repos\QkEngine\QkEngine\src\Transform.h(64,46): warning C4114: same type qualifier used more than once
C:\Users\emis\source\repos\QkEngine\QkEngine\src\Scene.h(26,36): warning C4114: same type qualifier used more than once
  Camera.cpp
C:\Users\emis\source\repos\QkEngine\QkEngine\src\Transform.h(52,51): warning C4114: same type qualifier used more than once
C:\Users\emis\source\repos\QkEngine\QkEngine\src\Transform.h(64,46): warning C4114: same type qualifier used more than once
C:\Users\emis\source\repos\QkEngine\QkEngine\src\Scene.h(26,36): warning C4114: same type qualifier used more than once
  BoxColliderComponent.cpp
C:\Users\emis\source\repos\QkEngine\QkEngine\src\Transform.h(52,51): warning C4114: same type qualifier used more than once
C:\Users\emis\source\repos\QkEngine\QkEngine\src\Transform.h(64,46): warning C4114: same type qualifier used more than once
  Component.cpp
C:\Users\emis\source\repos\QkEngine\QkEngine\src\Transform.h(52,51): warning C4114: same type qualifier used more than once
C:\Users\emis\source\repos\QkEngine\QkEngine\src\Transform.h(64,46): warning C4114: same type qualifier used more than once
  MoveComponent.cpp
C:\Users\emis\source\repos\QkEngine\QkEngine\src\Transform.h(52,51): warning C4114: same type qualifier used more than once
C:\Users\emis\source\repos\QkEngine\QkEngine\src\Transform.h(64,46): warning C4114: same type qualifier used more than once
  PlayerComponent.cpp
C:\Users\emis\source\repos\QkEngine\QkEngine\src\Transform.h(52,51): warning C4114: same type qualifier used more than once
C:\Users\emis\source\repos\QkEngine\QkEngine\src\Transform.h(64,46): warning C4114: same type qualifier used more than once
C:\Users\emis\source\repos\QkEngine\QkEngine\src\Scene.h(26,36): warning C4114: same type qualifier used more than once
  SpriteComponent.cpp
C:\Users\emis\source\repos\QkEngine\QkEngine\src\Transform.h(52,51): warning C4114: same type qualifier used more than once
C:\Users\emis\source\repos\QkEngine\QkEngine\src\Transform.h(64,46): warning C4114: same type qualifier used more than once
  Editor.cpp
C:\Users\emis\source\repos\QkEngine\QkEngine\src\Transform.h(52,51): warning C4114: same type qualifier used more than once
C:\Users\emis\source\repos\QkEngine\QkEngine\src\Transform.h(64,46): warning C4114: same type qualifier used more than once
C:\Users\emis\source\repos\QkEngine\QkEngine\src\Scene.h(26,36): warning C4114: same type qualifier used more than once
C:\Users\emis\source\repos\QkEngine\QkEngine\src\Editor.cpp(112,76): warning C4018: '<': signed/unsigned mismatch
C:\Users\emis\source\repos\QkEngine\QkEngine\src\Editor.cpp(237,52): warning C4114: same type qualifier used more than once
C:\Users\emis\source\repos\QkEngine\QkEngine\src\Editor.cpp(250,27): warning C4018: '<': signed/unsigned mismatch
  GameObject.cpp
C:\Users\emis\source\repos\QkEngine\QkEngine\src\Transform.h(52,51): warning C4114: same type qualifier used more than once
C:\Users\emis\source\repos\QkEngine\QkEngine\src\Transform.h(64,46): warning C4114: same type qualifier used more than once
C:\Users\emis\source\repos\QkEngine\QkEngine\src\Scene.h(26,36): warning C4114: same type qualifier used more than once
C:\Users\emis\source\repos\QkEngine\QkEngine\src\GameObject.cpp(139,60): warning C4018: '<': signed/unsigned mismatch
  GameManager.cpp
C:\Users\emis\source\repos\QkEngine\QkEngine\src\Transform.h(52,51): warning C4114: same type qualifier used more than once
C:\Users\emis\source\repos\QkEngine\QkEngine\src\Transform.h(64,46): warning C4114: same type qualifier used more than once
C:\Users\emis\source\repos\QkEngine\QkEngine\src\Scene.h(26,36): warning C4114: same type qualifier used more than once
  Gizmos.cpp
C:\Users\emis\source\repos\QkEngine\QkEngine\src\Transform.h(52,51): warning C4114: same type qualifier used more than once
C:\Users\emis\source\repos\QkEngine\QkEngine\src\Transform.h(64,46): warning C4114: same type qualifier used more than once
C:\Users\emis\source\repos\QkEngine\QkEngine\src\Scene.h(26,36): warning C4114: same type qualifier used more than once
  MeshNew.cpp
C:\Users\emis\source\repos\QkEngine\QkEngine\src\Transform.h(52,51): warning C4114: same type qualifier used more than once
C:\Users\emis\source\repos\QkEngine\QkEngine\src\Transform.h(64,46): warning C4114: same type qualifier used more than once
  NewModel.cpp
C:\Users\emis\source\repos\QkEngine\QkEngine\src\Transform.h(52,51): warning C4114: same type qualifier used more than once
C:\Users\emis\source\repos\QkEngine\QkEngine\src\Transform.h(64,46): warning C4114: same type qualifier used more than once
C:\Users\emis\source\repos\QkEngine\QkEngine\src\Scene.h(26,36): warning C4114: same type qualifier used more than once
  Physics.cpp
C:\Users\emis\source\repos\QkEngine\QkEngine\src\Transform.h(52,51): warning C4114: same type qualifier used more than once
C:\Users\emis\source\repos\QkEngine\QkEngine\src\Transform.h(64,46): warning C4114: same type qualifier used more than once
  Renderer.cpp
C:\Users\emis\source\repos\QkEngine\QkEngine\src\Transform.h(52,51): warning C4114: same type qualifier used more than once
C:\Users\emis\source\repos\QkEngine\QkEngine\src\Transform.h(64,46): warning C4114: same type qualifier used more than once
  ResourceManager.cpp
C:\Users\emis\source\repos\QkEngine\QkEngine\src\Transform.h(52,51): warning C4114: same type qualifier used more than once
C:\Users\emis\source\repos\QkEngine\QkEngine\src\Transform.h(64,46): warning C4114: same type qualifier used more than once
  Scene.cpp
C:\Users\emis\source\repos\QkEngine\QkEngine\src\Transform.h(52,51): warning C4114: same type qualifier used more than once
C:\Users\emis\source\repos\QkEngine\QkEngine\src\Transform.h(64,46): warning C4114: same type qualifier used more than once
C:\Users\emis\source\repos\QkEngine\QkEngine\src\Scene.h(26,36): warning C4114: same type qualifier used more than once
C:\Users\emis\source\repos\QkEngine\QkEngine\src\Scene.cpp(279,42): warning C4114: same type qualifier used more than once
  Transform.cpp
C:\Users\emis\source\repos\QkEngine\QkEngine\src\Transform.h(52,51): warning C4114: same type qualifier used more than once
C:\Users\emis\source\repos\QkEngine\QkEngine\src\Transform.h(64,46): warning C4114: same type qualifier used more than once
C:\Users\emis\source\repos\QkEngine\QkEngine\src\Transform.cpp(182,54): warning C4114: same type qualifier used more than once
C:\Users\emis\source\repos\QkEngine\QkEngine\src\Transform.cpp(189,49): warning C4114: same type qualifier used more than once
  Window.cpp
C:\Users\emis\source\repos\QkEngine\QkEngine\src\Transform.h(52,51): warning C4114: same type qualifier used more than once
C:\Users\emis\source\repos\QkEngine\QkEngine\src\Transform.h(64,46): warning C4114: same type qualifier used more than once
C:\Users\emis\source\repos\QkEngine\QkEngine\src\Scene.h(26,36): warning C4114: same type qualifier used more than once
C:\Users\emis\source\repos\QkEngine\QkEngine\src\Window.cpp(50,28): warning C4244: 'initializing': conversion from 'double' to 'float', possible loss of data
  Generating Code...
C:\Users\emis\source\repos\QkEngine\QkEngine\src\GameObject.cpp(254): warning C4172: returning address of local variable or temporary
  QkEngine.vcxproj -> C:\Users\emis\source\repos\QkEngine\Debug\QkEngine.exe
