C:\Programy\Visual Studio 2019\MSBuild\Microsoft\VC\v160\Microsoft.CppBuild.targets(491,5): warning MSB8028: The intermediate directory (Release\) contains files shared from another project (OpenGLRenderer.vcxproj).  This can lead to incorrect clean and rebuild behavior.
  NavMeshAgent.cpp
C:\Users\emis\source\repos\QkEngine\QkEngine\src\Engine\Transform.h(28,47): warning C4114: same type qualifier used more than once
C:\Users\emis\source\repos\QkEngine\QkEngine\src\Engine\Navigation\NavMesh.h(30,67): warning C4114: same type qualifier used more than once
C:\Users\emis\source\repos\QkEngine\QkEngine\src\Engine\Scene.h(45,36): warning C4114: same type qualifier used more than once
C:\Users\emis\source\repos\QkEngine\QkEngine\src\Engine\Components\AI\NavMeshAgent.cpp(51,48): warning C4018: '<': signed/unsigned mismatch
C:\Users\emis\source\repos\QkEngine\QkEngine\src\Engine\Components\AI\NavMeshAgent.cpp(61,23): warning C4018: '>=': signed/unsigned mismatch
  BoxColliderComponent.cpp
C:\Users\emis\source\repos\QkEngine\QkEngine\src\Engine\Transform.h(28,47): warning C4114: same type qualifier used more than once
C:\Users\emis\source\repos\QkEngine\QkEngine\src\Engine\Navigation\NavMesh.h(30,67): warning C4114: same type qualifier used more than once
C:\Users\emis\source\repos\QkEngine\QkEngine\src\Engine\Renderer.h(21,53): error C4430: missing type specifier - int assumed. Note: C++ does not support default-int
C:\Users\emis\source\repos\QkEngine\QkEngine\src\Engine\Renderer.h(21,53): error C2143: syntax error: missing ',' before '*'
  PlayerComponent.cpp
C:\Users\emis\source\repos\QkEngine\QkEngine\src\Engine\Transform.h(28,47): warning C4114: same type qualifier used more than once
C:\Users\emis\source\repos\QkEngine\QkEngine\src\Engine\Scene.h(45,36): warning C4114: same type qualifier used more than once
  StaticMeshComponent.cpp
C:\Users\emis\source\repos\QkEngine\QkEngine\src\Engine\Transform.h(28,47): warning C4114: same type qualifier used more than once
C:\Users\emis\source\repos\QkEngine\QkEngine\src\Engine\Renderer.h(21,53): error C4430: missing type specifier - int assumed. Note: C++ does not support default-int
C:\Users\emis\source\repos\QkEngine\QkEngine\src\Engine\Renderer.h(21,53): error C2143: syntax error: missing ',' before '*'
  GameObject.cpp
C:\Users\emis\source\repos\QkEngine\QkEngine\src\Engine\Transform.h(28,47): warning C4114: same type qualifier used more than once
C:\Users\emis\source\repos\QkEngine\QkEngine\src\Engine\Scene.h(45,36): warning C4114: same type qualifier used more than once
C:\Users\emis\source\repos\QkEngine\QkEngine\src\Engine\GameObject.cpp(133,60): warning C4018: '<': signed/unsigned mismatch
  Gizmos.cpp
C:\Users\emis\source\repos\QkEngine\QkEngine\src\Engine\Renderer.h(21,53): error C4430: missing type specifier - int assumed. Note: C++ does not support default-int
C:\Users\emis\source\repos\QkEngine\QkEngine\src\Engine\Renderer.h(21,53): error C2143: syntax error: missing ',' before '*'
C:\Users\emis\source\repos\QkEngine\QkEngine\src\Engine\Transform.h(28,47): warning C4114: same type qualifier used more than once
C:\Users\emis\source\repos\QkEngine\QkEngine\src\Engine\Scene.h(45,36): warning C4114: same type qualifier used more than once
  Lighting.cpp
C:\Users\emis\source\repos\QkEngine\QkEngine\src\Engine\Transform.h(28,47): warning C4114: same type qualifier used more than once
C:\Users\emis\source\repos\QkEngine\QkEngine\src\Engine\Scene.h(45,36): warning C4114: same type qualifier used more than once
  Mesh.cpp
C:\Users\emis\source\repos\QkEngine\QkEngine\src\Engine\Renderer.h(21,53): error C4430: missing type specifier - int assumed. Note: C++ does not support default-int
C:\Users\emis\source\repos\QkEngine\QkEngine\src\Engine\Renderer.h(21,53): error C2143: syntax error: missing ',' before '*'
C:\Users\emis\source\repos\QkEngine\QkEngine\src\Engine\Transform.h(28,47): warning C4114: same type qualifier used more than once
  NavMesh.cpp
C:\Users\emis\source\repos\QkEngine\QkEngine\src\Engine\Navigation\NavMesh.h(30,67): warning C4114: same type qualifier used more than once
C:\Users\emis\source\repos\QkEngine\QkEngine\src\Engine\Renderer.h(21,53): error C4430: missing type specifier - int assumed. Note: C++ does not support default-int
C:\Users\emis\source\repos\QkEngine\QkEngine\src\Engine\Renderer.h(21,53): error C2143: syntax error: missing ',' before '*'
C:\Users\emis\source\repos\QkEngine\QkEngine\src\Engine\Transform.h(28,47): warning C4114: same type qualifier used more than once
C:\Users\emis\source\repos\QkEngine\QkEngine\src\Engine\Navigation\NavMesh.cpp(58,38): warning C4018: '<=': signed/unsigned mismatch
C:\Users\emis\source\repos\QkEngine\QkEngine\src\Engine\Navigation\NavMesh.cpp(60,39): warning C4018: '<=': signed/unsigned mismatch
C:\Users\emis\source\repos\QkEngine\QkEngine\src\Engine\Navigation\NavMesh.cpp(213,8): warning C4244: 'initializing': conversion from 'T' to 'int', possible loss of data
          with
          [
              T=float
          ]
C:\Users\emis\source\repos\QkEngine\QkEngine\src\Engine\Navigation\NavMesh.cpp(214,8): warning C4244: 'initializing': conversion from 'T' to 'int', possible loss of data
          with
          [
              T=float
          ]
C:\Users\emis\source\repos\QkEngine\QkEngine\src\Engine\Navigation\NavMesh.cpp(228,68): warning C4114: same type qualifier used more than once
  Physics.cpp
C:\Users\emis\source\repos\QkEngine\QkEngine\src\Engine\Transform.h(28,47): warning C4114: same type qualifier used more than once
C:\Users\emis\source\repos\QkEngine\QkEngine\src\Engine\Scene.h(45,36): warning C4114: same type qualifier used more than once
  Profiler.cpp
C:\Users\emis\source\repos\QkEngine\QkEngine\src\Engine\Transform.h(28,47): warning C4114: same type qualifier used more than once
C:\Users\emis\source\repos\QkEngine\QkEngine\src\Engine\Scene.h(45,36): warning C4114: same type qualifier used more than once
  Renderer.cpp
C:\Users\emis\source\repos\QkEngine\QkEngine\src\Engine\Renderer.h(21,53): error C4430: missing type specifier - int assumed. Note: C++ does not support default-int
C:\Users\emis\source\repos\QkEngine\QkEngine\src\Engine\Renderer.h(21,53): error C2143: syntax error: missing ',' before '*'
C:\Users\emis\source\repos\QkEngine\QkEngine\src\Engine\Transform.h(28,47): warning C4114: same type qualifier used more than once
C:\Users\emis\source\repos\QkEngine\QkEngine\src\Engine\Scene.h(45,36): warning C4114: same type qualifier used more than once
C:\Users\emis\source\repos\QkEngine\QkEngine\src\Engine\Renderer.cpp(48,62): warning C4244: 'argument': conversion from 'T' to 'GLsizei', possible loss of data
          with
          [
              T=float
          ]
C:\Users\emis\source\repos\QkEngine\QkEngine\src\Engine\Renderer.cpp(48,51): warning C4244: 'argument': conversion from 'T' to 'GLsizei', possible loss of data
          with
          [
              T=float
          ]
C:\Users\emis\source\repos\QkEngine\QkEngine\src\Engine\Renderer.cpp(56,83): warning C4244: 'argument': conversion from 'T' to 'GLsizei', possible loss of data
          with
          [
              T=float
          ]
C:\Users\emis\source\repos\QkEngine\QkEngine\src\Engine\Renderer.cpp(56,72): warning C4244: 'argument': conversion from 'T' to 'GLsizei', possible loss of data
          with
          [
              T=float
          ]
C:\Users\emis\source\repos\QkEngine\QkEngine\src\Engine\Renderer.cpp(276,1): error C2511: 'void Renderer::DrawParticleSystem(const ParticleSystem *)': overloaded member function not found in 'Renderer'
C:\Users\emis\source\repos\QkEngine\QkEngine\src\Engine\Renderer.h(12): message : see declaration of 'Renderer'
  Scene.cpp
C:\Users\emis\source\repos\QkEngine\QkEngine\src\Engine\Transform.h(28,47): warning C4114: same type qualifier used more than once
C:\Users\emis\source\repos\QkEngine\QkEngine\src\Engine\Scene.h(45,36): warning C4114: same type qualifier used more than once
C:\Users\emis\source\repos\QkEngine\QkEngine\src\Engine\Navigation\NavMesh.h(30,67): warning C4114: same type qualifier used more than once
C:\Users\emis\source\repos\QkEngine\QkEngine\src\Engine\Scene.cpp(384,42): warning C4114: same type qualifier used more than once
  Serialization.cpp
C:\Users\emis\source\repos\QkEngine\QkEngine\src\Engine\Transform.h(28,47): warning C4114: same type qualifier used more than once
C:\Users\emis\source\repos\QkEngine\QkEngine\src\Engine\Scene.h(45,36): warning C4114: same type qualifier used more than once
C:\Users\emis\source\repos\QkEngine\QkEngine\src\Engine\Navigation\NavMesh.h(30,67): warning C4114: same type qualifier used more than once
C:\Users\emis\source\repos\QkEngine\QkEngine\src\Engine\Serialization\Serialization.cpp(243,94): warning C4244: '=': conversion from 'double' to 'float', possible loss of data
C:\Users\emis\source\repos\QkEngine\QkEngine\src\Engine\Serialization\Serialization.cpp(263,104): warning C4244: '=': conversion from 'double' to 'float', possible loss of data
C:\Users\emis\source\repos\QkEngine\QkEngine\src\Engine\Serialization\Serialization.cpp(264,104): warning C4244: '=': conversion from 'double' to 'float', possible loss of data
C:\Users\emis\source\repos\QkEngine\QkEngine\src\Engine\Serialization\Serialization.cpp(275,100): warning C4244: '=': conversion from 'double' to 'float', possible loss of data
C:\Users\emis\source\repos\QkEngine\QkEngine\src\Engine\Serialization\Serialization.cpp(290,96): warning C4244: '=': conversion from 'double' to 'float', possible loss of data
C:\Users\emis\source\repos\QkEngine\QkEngine\src\Engine\Serialization\Serialization.cpp(295,102): warning C4244: '=': conversion from 'double' to 'float', possible loss of data
C:\Users\emis\source\repos\QkEngine\QkEngine\src\Engine\Serialization\Serialization.cpp(330,64): warning C4244: '=': conversion from 'double' to 'float', possible loss of data
C:\Users\emis\source\repos\QkEngine\QkEngine\src\Engine\Serialization\Serialization.cpp(336,61): warning C4244: '=': conversion from 'double' to 'float', possible loss of data
  Window.cpp
C:\Users\emis\source\repos\QkEngine\QkEngine\src\Engine\Transform.h(28,47): warning C4114: same type qualifier used more than once
C:\Users\emis\source\repos\QkEngine\QkEngine\src\Engine\Scene.h(45,36): warning C4114: same type qualifier used more than once
C:\Users\emis\source\repos\QkEngine\QkEngine\src\Engine\Window.cpp(65,28): warning C4244: 'initializing': conversion from 'double' to 'float', possible loss of data
C:\Users\emis\source\repos\QkEngine\QkEngine\src\Engine\Window.cpp(96,121): warning C4244: 'argument': conversion from 'T' to 'int', possible loss of data
          with
          [
              T=float
          ]
C:\Users\emis\source\repos\QkEngine\QkEngine\src\Engine\Window.cpp(96,92): warning C4244: 'argument': conversion from 'T' to 'int', possible loss of data
          with
          [
              T=float
          ]
  PlatformComponent.cpp
C:\Users\emis\source\repos\QkEngine\QkEngine\src\Engine\Renderer.h(21,53): error C4430: missing type specifier - int assumed. Note: C++ does not support default-int
C:\Users\emis\source\repos\QkEngine\QkEngine\src\Engine\Renderer.h(21,53): error C2143: syntax error: missing ',' before '*'
C:\Users\emis\source\repos\QkEngine\QkEngine\src\Engine\Transform.h(28,47): warning C4114: same type qualifier used more than once
C:\Users\emis\source\repos\QkEngine\QkEngine\src\Game\Components\PlatformComponent.cpp(33,20): warning C4018: '>=': signed/unsigned mismatch
  GameManager.cpp
C:\Users\emis\source\repos\QkEngine\QkEngine\src\Engine\Transform.h(28,47): warning C4114: same type qualifier used more than once
C:\Users\emis\source\repos\QkEngine\QkEngine\src\Engine\Scene.h(45,36): warning C4114: same type qualifier used more than once
