c:\users\emis\source\repos\qkengine\qkengine\debug\vc142.pdb
c:\users\emis\source\repos\qkengine\qkengine\debug\vc142.idb
c:\users\emis\source\repos\qkengine\qkengine\debug\mesh.obj
c:\users\emis\source\repos\qkengine\qkengine\debug\inputmanager.obj
c:\users\emis\source\repos\qkengine\qkengine\debug\imgui_widgets.obj
c:\users\emis\source\repos\qkengine\qkengine\debug\imgui_impl_opengl3.obj
c:\users\emis\source\repos\qkengine\qkengine\debug\imgui_impl_glfw.obj
c:\users\emis\source\repos\qkengine\qkengine\debug\imgui_draw.obj
c:\users\emis\source\repos\qkengine\qkengine\debug\imgui_demo.obj
c:\users\emis\source\repos\qkengine\qkengine\debug\imgui.obj
c:\users\emis\source\repos\qkengine\qkengine\debug\gizmos.obj
c:\users\emis\source\repos\qkengine\qkengine\debug\gamemanager.obj
c:\users\emis\source\repos\qkengine\qkengine\debug\gameobject.obj
c:\users\emis\source\repos\qkengine\qkengine\debug\editor.obj
c:\users\emis\source\repos\qkengine\qkengine\debug\spritecomponent.obj
c:\users\emis\source\repos\qkengine\qkengine\debug\playercomponent.obj
c:\users\emis\source\repos\qkengine\qkengine\debug\movecomponent.obj
c:\users\emis\source\repos\qkengine\qkengine\debug\component.obj
c:\users\emis\source\repos\qkengine\qkengine\debug\boxcollidercomponent.obj
c:\users\emis\source\repos\qkengine\qkengine\debug\camera.obj
c:\users\emis\source\repos\qkengine\qkengine\debug\bounds.obj
c:\users\emis\source\repos\qkengine\qkengine\debug\window.obj
c:\users\emis\source\repos\qkengine\qkengine\debug\texture.obj
c:\users\emis\source\repos\qkengine\qkengine\debug\shader.obj
c:\users\emis\source\repos\qkengine\qkengine\debug\scene.obj
c:\users\emis\source\repos\qkengine\qkengine\debug\resourcemanager.obj
c:\users\emis\source\repos\qkengine\qkengine\debug\renderer.obj
c:\users\emis\source\repos\qkengine\qkengine\debug\physics.obj
c:\users\emis\source\repos\qkengine\qkengine\debug\modelloader.obj
c:\users\emis\source\repos\qkengine\qkengine\debug\glad.obj
c:\users\emis\source\repos\qkengine\qkengine\debug\application.obj
c:\users\emis\source\repos\qkengine\qkengine\debug\meshnew.obj
c:\users\emis\source\repos\qkengine\qkengine\debug\newmodel.obj
c:\users\emis\source\repos\qkengine\qkengine\debug\transform.obj
c:\users\emis\source\repos\qkengine\qkengine\debug\profiler.obj
c:\users\emis\source\repos\qkengine\qkengine\debug\lighting.obj
c:\users\emis\source\repos\qkengine\qkengine\debug\lightcomponent.obj
c:\users\emis\source\repos\qkengine\qkengine\debug\random.obj
c:\users\emis\source\repos\qkengine\debug\qkengine.exe
c:\users\emis\source\repos\qkengine\debug\qkengine.ilk
c:\users\emis\source\repos\qkengine\debug\qkengine.pdb
c:\users\emis\source\repos\qkengine\debug\qkengine.lib
c:\users\emis\source\repos\qkengine\debug\qkengine.exp
c:\users\emis\source\repos\qkengine\qkengine\debug\qkengine.tlog\cl.command.1.tlog
c:\users\emis\source\repos\qkengine\qkengine\debug\qkengine.tlog\cl.read.1.tlog
c:\users\emis\source\repos\qkengine\qkengine\debug\qkengine.tlog\cl.write.1.tlog
c:\users\emis\source\repos\qkengine\qkengine\debug\qkengine.tlog\link.command.1.tlog
c:\users\emis\source\repos\qkengine\qkengine\debug\qkengine.tlog\link.read.1.tlog
c:\users\emis\source\repos\qkengine\qkengine\debug\qkengine.tlog\link.write.1.tlog
c:\users\emis\source\repos\qkengine\qkengine\debug\qkengine.tlog\qkengine.write.1u.tlog
