C:\Programy\Visual Studio 2019\MSBuild\Microsoft\VC\v160\Microsoft.CppBuild.targets(459,5): warning MSB8028: The intermediate directory (Release\) contains files shared from another project (OpenGLRenderer.vcxproj).  This can lead to incorrect clean and rebuild behavior.
  SpriteAnimation.cpp
C:\Users\emis\source\repos\QkEngine\QkEngine\src\Transform.h(28,47): warning C4114: same type qualifier used more than once
  AnimatedSpriteComponent.cpp
C:\Users\emis\source\repos\QkEngine\QkEngine\src\Transform.h(28,47): warning C4114: same type qualifier used more than once
C:\Users\emis\source\repos\QkEngine\QkEngine\src\Components\AnimatedSpriteComponent.cpp(4,118): error C2664: 'SpriteAnimation::SpriteAnimation(SpriteAnimation &&) noexcept': cannot convert argument 1 from 'AnimatedSpriteComponent *' to 'std::vector<Texture *,std::allocator<Texture *>>'
C:\Users\emis\source\repos\QkEngine\QkEngine\src\Components\AnimatedSpriteComponent.cpp(5,1): message : No constructor could take the source type, or constructor overload resolution was ambiguous
C:\Users\emis\source\repos\QkEngine\QkEngine\src\Animation\SpriteAnimation.h(11,2): message : see declaration of 'SpriteAnimation::SpriteAnimation'
C:\Users\emis\source\repos\QkEngine\QkEngine\src\Components\AnimatedSpriteComponent.cpp(14,46): error C2664: 'SpriteAnimation::SpriteAnimation(SpriteAnimation &&) noexcept': cannot convert argument 1 from 'AnimatedSpriteComponent *' to 'std::vector<Texture *,std::allocator<Texture *>>'
C:\Users\emis\source\repos\QkEngine\QkEngine\src\Components\AnimatedSpriteComponent.cpp(15,1): message : No constructor could take the source type, or constructor overload resolution was ambiguous
C:\Users\emis\source\repos\QkEngine\QkEngine\src\Animation\SpriteAnimation.h(11,2): message : see declaration of 'SpriteAnimation::SpriteAnimation'
  PlayerComponent.cpp
C:\Users\emis\source\repos\QkEngine\QkEngine\src\Transform.h(28,47): warning C4114: same type qualifier used more than once
C:\Users\emis\source\repos\QkEngine\QkEngine\src\Scene.h(26,36): warning C4114: same type qualifier used more than once
  GameObject.cpp
C:\Users\emis\source\repos\QkEngine\QkEngine\src\Transform.h(28,47): warning C4114: same type qualifier used more than once
C:\Users\emis\source\repos\QkEngine\QkEngine\src\Scene.h(26,36): warning C4114: same type qualifier used more than once
C:\Users\emis\source\repos\QkEngine\QkEngine\src\GameObject.cpp(147,60): warning C4018: '<': signed/unsigned mismatch
  GameManager.cpp
C:\Users\emis\source\repos\QkEngine\QkEngine\src\Transform.h(28,47): warning C4114: same type qualifier used more than once
C:\Users\emis\source\repos\QkEngine\QkEngine\src\Scene.h(26,36): warning C4114: same type qualifier used more than once
